2026-01-20 17:31:53,202 | INFO | Starting app...
2026-01-20 17:31:53,202 | INFO | Loading ontology...
2026-01-20 17:31:53,212 | INFO | Loading model from HF...
2026-01-20 17:31:55,274 | INFO | Model ready
2026-01-20 17:32:41,197 | INFO | Starting app...
2026-01-20 17:32:41,197 | INFO | Loading ontology...
2026-01-20 17:32:41,207 | INFO | Loading model from HF...
2026-01-20 17:32:43,073 | INFO | Model ready
2026-01-20 17:35:35,401 | INFO | Starting app...
2026-01-20 17:35:35,401 | INFO | Loading ontology...
2026-01-20 17:35:35,413 | INFO | Loading model from HF...
2026-01-20 17:35:37,519 | INFO | Model ready
2026-01-20 17:36:30,223 | INFO | Starting app...
2026-01-20 17:36:30,223 | INFO | Loading ontology...
2026-01-20 17:36:30,232 | INFO | Loading model from HF...
2026-01-20 17:36:32,035 | INFO | Model ready
2026-01-20 17:58:07,882 | INFO | FastAPI app starting...
2026-01-20 18:28:15,132 | INFO | FastAPI app starting...
2026-01-20 18:29:36,321 | INFO | FastAPI app starting...
2026-01-20 18:49:53,693 | INFO | FastAPI app starting...
2026-01-20 18:50:51,210 | INFO | FastAPI app starting...
2026-01-20 18:51:17,940 | INFO | FastAPI app starting...
2026-01-20 18:57:24,549 | INFO | FastAPI app starting...
2026-01-20 18:58:44,014 | INFO | FastAPI app starting...
2026-01-20 18:59:00,054 | INFO | FastAPI app starting...
2026-01-20 19:00:17,765 | INFO | FastAPI app starting...
2026-01-20 19:00:34,762 | INFO | FastAPI app starting...
2026-01-20 19:00:46,572 | INFO | FastAPI app starting...
2026-01-20 19:58:44,085 | INFO | FastAPI app starting...
2026-01-20 19:59:25,032 | INFO | FastAPI app starting...
2026-01-20 19:59:39,811 | INFO | FastAPI app starting...
2026-01-20 20:04:50,089 | INFO | FastAPI app starting...
2026-01-20 20:04:58,428 | INFO | FastAPI app starting...
2026-01-20 20:08:18,591 | INFO | FastAPI app starting...
2026-01-20 20:08:54,724 | INFO | FastAPI app starting...
2026-01-20 20:10:07,143 | INFO | FastAPI app starting...
2026-01-20 20:10:07,165 | INFO | \U0001f680 Startup: loading ontology
2026-01-20 20:10:07,534 | INFO | \u2705 Ontology loaded successfully
2026-01-20 20:11:02,191 | INFO | FastAPI app starting...
2026-01-20 20:11:02,213 | INFO | \U0001f680 Startup: loading ontology
2026-01-20 20:11:02,526 | INFO | \u2705 Ontology loaded successfully
2026-01-20 20:11:07,929 | INFO | FastAPI app starting...
2026-01-20 20:11:07,951 | INFO | \U0001f680 Startup: loading ontology
2026-01-20 20:11:08,272 | INFO | \u2705 Ontology loaded successfully
2026-01-20 20:11:17,451 | INFO | FastAPI app starting...
2026-01-20 20:11:17,481 | INFO | \U0001f680 Startup: loading ontology
2026-01-20 20:11:17,866 | INFO | \u2705 Ontology loaded successfully
2026-01-20 20:17:20,533 | INFO | FastAPI app starting...
2026-01-20 20:17:20,559 | INFO | \U0001f680 Startup: loading ontology
2026-01-20 20:17:20,987 | INFO | \u2705 Ontology loaded successfully
2026-01-20 20:18:32,411 | INFO | FastAPI app starting...
2026-01-20 20:18:32,437 | INFO | \U0001f680 Startup: loading ontology
2026-01-20 20:18:32,876 | INFO | \u2705 Ontology loaded successfully
2026-01-20 20:20:55,840 | INFO | FastAPI app starting...
2026-01-20 20:20:55,870 | INFO | \U0001f680 Startup: loading ontology
2026-01-20 20:20:56,293 | INFO | \u2705 Ontology loaded successfully
2026-01-20 20:22:07,822 | INFO | FastAPI app starting...
2026-01-20 20:22:07,848 | INFO | \U0001f680 Startup: loading ontology
2026-01-20 20:22:08,266 | INFO | \u2705 Ontology loaded successfully
2026-01-20 20:23:08,832 | INFO | FastAPI app starting...
2026-01-20 20:23:08,863 | INFO | \U0001f680 Startup: loading ontology
2026-01-20 20:23:08,863 | INFO | \u2705 Ontology loaded
2026-01-20 20:23:08,863 | INFO | \U0001f916 Loading OCEAN model...
2026-01-20 20:24:59,392 | INFO | FastAPI app starting...
2026-01-20 20:24:59,426 | INFO | \U0001f680 Startup: loading ontology
2026-01-20 20:24:59,426 | INFO | \u2705 Ontology loaded
2026-01-20 20:24:59,426 | INFO | \U0001f916 Loading OCEAN model...
2026-01-20 20:25:15,490 | INFO | FastAPI app starting...
2026-01-20 20:37:16,965 | INFO | FastAPI app starting...
2026-01-20 20:37:16,989 | INFO | \U0001f680 Startup: loading ontology
2026-01-20 20:37:17,003 | INFO | \U0001f9e0 Lexical size = 59
2026-01-20 20:37:19,218 | INFO | \u2705 Model & ontology ready
2026-01-20 20:38:53,600 | INFO | FastAPI app starting...
2026-01-20 20:38:53,625 | INFO | \U0001f680 Startup: loading ontology
2026-01-20 20:38:53,642 | INFO | \U0001f9e0 Lexical size = 59
2026-01-20 20:38:56,211 | INFO | \u2705 Model & ontology ready
2026-01-20 20:39:30,193 | INFO | FastAPI app starting...
2026-01-20 20:40:57,406 | INFO | FastAPI app starting...
2026-01-20 20:40:57,429 | INFO | \U0001f680 Startup: loading ontology
2026-01-20 20:41:09,565 | INFO | FastAPI app starting...
2026-01-20 20:41:09,588 | INFO | \U0001f680 Startup: loading ontology
2026-01-20 20:41:44,783 | INFO | FastAPI app starting...
2026-01-20 20:41:44,806 | INFO | \U0001f680 Startup: loading ontology
2026-01-20 20:42:44,290 | INFO | FastAPI app starting...
2026-01-20 20:42:44,323 | INFO | \U0001f680 Startup: loading ontology
2026-01-20 20:42:46,407 | INFO | \u2705 Startup sukses | LEXICAL_SIZE=59
2026-01-20 20:43:41,892 | INFO | FastAPI app starting...
2026-01-20 20:43:41,914 | INFO | \U0001f680 Startup: loading ontology
2026-01-20 20:43:41,914 | INFO | \u2705 Ontology loaded
2026-01-20 20:43:41,914 | INFO | \U0001f916 Loading OCEAN model...
2026-01-20 20:43:55,578 | INFO | FastAPI app starting...
2026-01-20 20:43:55,602 | INFO | \U0001f680 Startup: loading ontology
2026-01-20 20:43:55,602 | INFO | \u2705 Ontology loaded
2026-01-20 20:43:55,602 | INFO | \U0001f916 Loading OCEAN model...
2026-01-20 20:44:16,873 | INFO | FastAPI app starting...
2026-01-20 20:47:04,860 | INFO | FastAPI app starting...
2026-01-20 20:47:04,892 | INFO | \U0001f680 Startup loading ontology & model
2026-01-20 20:47:08,010 | INFO | \u2705 Startup OK | LEXICAL_SIZE=59
2026-01-20 20:47:31,184 | INFO | FastAPI app starting...
2026-01-20 20:47:31,206 | INFO | \U0001f680 Startup loading ontology & model
2026-01-20 20:47:33,361 | INFO | \u2705 Startup OK | LEXICAL_SIZE=59
2026-01-20 20:50:52,237 | INFO | FastAPI app starting...
2026-01-20 20:50:52,272 | INFO | \U0001f680 Startup loading ontology & model
2026-01-20 20:50:54,739 | INFO | \u2705 Startup OK | LEXICAL_SIZE=59
2026-01-20 23:32:45,862 | INFO | FastAPI app starting...
2026-01-20 23:32:45,886 | INFO | \U0001f680 Startup loading ontology & model
2026-01-20 23:32:48,684 | INFO | \u2705 Startup OK | LEXICAL_SIZE=59
2026-01-20 23:33:04,248 | INFO | FastAPI app starting...
2026-01-20 23:33:04,271 | INFO | \U0001f680 Startup loading ontology & model
2026-01-20 23:33:06,746 | INFO | \u2705 Startup OK | LEXICAL_SIZE=59
2026-01-28 18:37:02,688 | INFO | FastAPI app starting...
2026-01-28 18:37:02,785 | INFO | \U0001f680 Startup loading ontology & model
2026-01-28 18:37:07,281 | INFO | \u2705 Startup OK | LEXICAL_SIZE=59
2026-01-28 18:38:58,415 | INFO | FastAPI app starting...
2026-01-28 18:38:58,441 | INFO | \U0001f680 Startup loading ontology & model
2026-01-28 18:39:01,943 | INFO | \u2705 Startup OK | LEXICAL_SIZE=59
2026-01-28 19:12:21,377 | INFO | FastAPI app starting...
2026-01-28 19:12:21,401 | INFO | \U0001f680 Startup loading ontology & model
2026-01-28 19:12:24,502 | INFO | \u2705 Startup OK | LEXICAL_SIZE=59
2026-01-28 19:12:30,850 | INFO | FastAPI app starting...
2026-01-28 19:12:30,892 | INFO | \U0001f680 Startup loading ontology & model
2026-01-28 19:12:33,314 | INFO | \u2705 Startup OK | LEXICAL_SIZE=59
2026-01-28 19:16:41,840 | INFO | FastAPI app starting...
2026-01-28 19:16:41,879 | INFO | \U0001f680 Startup loading ontology & model
2026-01-28 19:16:44,879 | INFO | \u2705 Startup OK | LEXICAL_SIZE=59
2026-01-28 19:16:50,594 | INFO | FastAPI app starting...
2026-01-28 19:16:50,619 | INFO | \U0001f680 Startup loading ontology & model
2026-01-28 19:16:52,936 | INFO | \u2705 Startup OK | LEXICAL_SIZE=59
2026-01-28 19:21:49,193 | INFO | FastAPI app starting...
2026-01-28 19:21:49,223 | INFO | \U0001f680 Startup loading ontology & model
2026-01-28 19:21:54,505 | INFO | \u2705 Startup OK | LEXICAL_SIZE=59
2026-01-28 19:26:21,509 | INFO | FastAPI app starting...
2026-01-28 19:26:21,533 | INFO | \U0001f680 Startup loading ontology & model
2026-01-28 19:26:24,416 | INFO | \u2705 Startup OK | LEXICAL_SIZE=59
2026-01-28 19:26:30,281 | INFO | FastAPI app starting...
2026-01-28 19:26:30,307 | INFO | \U0001f680 Startup loading ontology & model
2026-01-28 19:26:32,510 | INFO | \u2705 Startup OK | LEXICAL_SIZE=59
2026-01-28 19:26:48,842 | INFO | FastAPI app starting...
2026-01-28 19:26:48,863 | INFO | \U0001f680 Startup loading ontology & model
2026-01-28 19:26:51,093 | INFO | \u2705 Startup OK | LEXICAL_SIZE=59
2026-01-28 19:33:26,501 | INFO | FastAPI app starting...
2026-01-28 19:33:26,528 | INFO | \U0001f680 Startup loading ontology & model
2026-01-28 19:33:29,136 | INFO | \u2705 Startup OK | LEXICAL_SIZE=59
2026-01-28 19:33:53,352 | INFO | FastAPI app starting...
2026-01-28 19:33:53,380 | INFO | \U0001f680 Startup loading ontology & model
2026-01-28 19:33:55,799 | INFO | \u2705 Startup OK | LEXICAL_SIZE=59
2026-01-28 19:35:18,807 | INFO | FastAPI app starting...
2026-01-28 19:35:18,830 | INFO | \U0001f680 Startup loading ontology & model
2026-01-28 19:35:21,728 | INFO | \u2705 Startup OK | LEXICAL_SIZE=59
2026-01-28 19:35:30,871 | INFO | FastAPI app starting...
2026-01-28 19:35:30,897 | INFO | \U0001f680 Startup loading ontology & model
2026-01-28 19:35:33,630 | INFO | \u2705 Startup OK | LEXICAL_SIZE=59
2026-01-28 19:52:36,013 | INFO | FastAPI app starting...
2026-01-28 19:52:36,040 | INFO | \U0001f680 Startup loading ontology & model
2026-01-28 19:52:38,985 | INFO | \u2705 Startup OK | LEXICAL_SIZE=59
2026-01-28 19:53:16,174 | INFO | FastAPI app starting...
2026-01-28 19:53:16,197 | INFO | \U0001f680 Startup loading ontology & model
2026-01-28 19:53:18,385 | INFO | \u2705 Startup OK | LEXICAL_SIZE=59
2026-01-28 19:53:23,794 | INFO | FastAPI app starting...
2026-01-28 19:53:23,818 | INFO | \U0001f680 Startup loading ontology & model
2026-01-28 19:53:27,127 | INFO | \u2705 Startup OK | LEXICAL_SIZE=59
2026-01-28 19:53:37,827 | INFO | FastAPI app starting...
2026-01-28 19:53:37,853 | INFO | \U0001f680 Startup loading ontology & model
2026-01-28 19:53:40,226 | INFO | \u2705 Startup OK | LEXICAL_SIZE=59
2026-01-28 19:57:03,332 | INFO | FastAPI app starting...
2026-01-28 19:57:03,355 | INFO | \U0001f680 Startup loading ontology & model
2026-01-28 19:57:08,013 | INFO | \u2705 Startup OK | LEXICAL_SIZE=59
2026-01-28 19:57:13,373 | INFO | FastAPI app starting...
2026-01-28 19:57:13,402 | INFO | \U0001f680 Startup loading ontology & model
2026-01-28 19:57:15,747 | INFO | \u2705 Startup OK | LEXICAL_SIZE=59
2026-01-28 19:57:45,520 | INFO | FastAPI app starting...
2026-01-28 19:57:45,542 | INFO | \U0001f680 Startup loading ontology & model
2026-01-28 19:57:48,399 | INFO | \u2705 Startup OK | LEXICAL_SIZE=59
2026-01-28 19:59:43,806 | INFO | FastAPI app starting...
2026-01-28 19:59:43,832 | INFO | \U0001f680 Startup loading ontology & model
2026-01-28 19:59:46,216 | INFO | \u2705 Startup OK | LEXICAL_SIZE=59
2026-01-28 19:59:51,641 | INFO | FastAPI app starting...
2026-01-28 19:59:51,665 | INFO | \U0001f680 Startup loading ontology & model
2026-01-28 19:59:54,093 | INFO | \u2705 Startup OK | LEXICAL_SIZE=59
2026-01-28 20:07:14,191 | INFO | FastAPI app starting...
2026-01-28 20:07:14,215 | INFO | \U0001f680 Startup loading ontology & model
2026-01-28 20:07:16,651 | INFO | \u2705 Startup OK | LEXICAL_SIZE=59
2026-01-28 20:11:35,364 | INFO | FastAPI app starting...
2026-01-28 20:11:35,389 | INFO | \U0001f680 Startup loading ontology & model
2026-01-28 20:11:37,907 | INFO | \u2705 Startup OK | LEXICAL_SIZE=59
2026-01-28 20:12:17,379 | INFO | FastAPI app starting...
2026-01-28 20:12:17,417 | INFO | \U0001f680 Startup loading ontology & model
2026-01-28 20:12:20,685 | INFO | \u2705 Startup OK | LEXICAL_SIZE=59
2026-01-28 20:15:53,482 | INFO | FastAPI app starting...
2026-01-28 20:15:53,505 | INFO | \U0001f680 Startup loading ontology & model
2026-01-28 20:15:56,787 | INFO | \u2705 Startup OK | LEXICAL_SIZE=59
2026-01-28 20:16:03,356 | INFO | FastAPI app starting...
2026-01-28 20:16:03,383 | INFO | \U0001f680 Startup loading ontology & model
2026-01-28 20:16:06,273 | INFO | \u2705 Startup OK | LEXICAL_SIZE=59
2026-01-28 20:33:50,116 | INFO | FastAPI app starting...
2026-01-28 20:33:50,139 | INFO | \U0001f680 Startup loading ontology & model
2026-01-28 20:33:52,759 | INFO | \u2705 Startup OK | LEXICAL_SIZE=59
2026-01-28 20:40:23,288 | INFO | FastAPI app starting...
2026-01-28 20:40:23,312 | INFO | \U0001f680 Startup loading ontology & model
2026-01-28 20:40:25,760 | INFO | \u2705 Startup OK | LEXICAL_SIZE=59
2026-01-28 20:50:33,178 | INFO | FastAPI app starting...
2026-01-28 20:50:33,203 | INFO | \U0001f680 Startup loading ontology & model
2026-01-28 20:50:35,849 | INFO | \u2705 Startup OK | LEXICAL_SIZE=59
2026-01-28 20:59:01,874 | INFO | FastAPI app starting...
2026-01-28 20:59:01,903 | INFO | \U0001f680 Startup loading ontology & model
2026-01-28 20:59:04,647 | INFO | \u2705 Startup OK | LEXICAL_SIZE=59
2026-01-28 21:00:33,092 | INFO | FastAPI app starting...
2026-01-28 21:00:33,119 | INFO | \U0001f680 Startup loading ontology & model
2026-01-28 21:00:36,746 | INFO | \u2705 Startup OK | LEXICAL_SIZE=59
2026-01-28 21:03:01,968 | INFO | FastAPI app starting...
2026-01-28 21:03:01,993 | INFO | \U0001f680 Startup loading ontology & model
2026-01-28 21:03:04,720 | INFO | \u2705 Startup OK | LEXICAL_SIZE=59
2026-01-28 21:04:30,427 | INFO | FastAPI app starting...
2026-01-28 21:04:30,453 | INFO | \U0001f680 Startup loading ontology & model
2026-01-28 21:04:32,683 | INFO | \u2705 Startup OK | LEXICAL_SIZE=59
2026-01-28 21:06:17,932 | INFO | FastAPI app starting...
2026-01-28 21:06:17,962 | INFO | \U0001f680 Startup loading ontology & model
2026-01-28 21:06:21,042 | INFO | \u2705 Startup OK | LEXICAL_SIZE=59
2026-01-28 21:06:55,452 | INFO | FastAPI app starting...
2026-01-28 21:06:55,476 | INFO | \U0001f680 Startup loading ontology & model
2026-01-28 21:06:58,452 | INFO | \u2705 Startup OK | LEXICAL_SIZE=59
2026-01-28 21:07:42,112 | INFO | FastAPI app starting...
2026-01-28 21:07:42,138 | INFO | \U0001f680 Startup loading ontology & model
2026-01-28 21:07:44,678 | INFO | \u2705 Startup OK | LEXICAL_SIZE=59
2026-01-28 21:08:11,678 | INFO | FastAPI app starting...
2026-01-28 21:08:11,704 | INFO | \U0001f680 Startup loading ontology & model
2026-01-28 21:08:13,945 | INFO | \u2705 Startup OK | LEXICAL_SIZE=59
2026-01-28 21:08:47,317 | INFO | FastAPI app starting...
2026-01-28 21:08:47,347 | INFO | \U0001f680 Startup loading ontology & model
2026-01-28 21:08:51,769 | INFO | \u2705 Startup OK | LEXICAL_SIZE=59
2026-01-28 21:11:54,846 | INFO | FastAPI app starting...
2026-01-28 21:11:54,876 | INFO | \U0001f680 Startup loading ontology & model
2026-01-28 21:11:58,858 | INFO | \u2705 Startup OK | LEXICAL_SIZE=59
2026-01-28 21:13:41,851 | INFO | FastAPI app starting...
2026-01-28 21:13:41,876 | INFO | \U0001f680 Startup loading ontology & model
2026-01-28 21:13:44,728 | INFO | \u2705 Startup OK | LEXICAL_SIZE=59
2026-01-28 21:14:27,512 | INFO | FastAPI app starting...
2026-01-28 21:14:27,539 | INFO | \U0001f680 Startup loading ontology & model
2026-01-28 21:14:30,841 | INFO | \u2705 Startup OK | LEXICAL_SIZE=59
2026-01-28 21:18:48,338 | INFO | FastAPI app starting...
2026-01-28 21:18:48,366 | INFO | \U0001f680 Startup loading ontology & model
2026-01-28 21:18:51,464 | INFO | \u2705 Startup OK | LEXICAL_SIZE=59
2026-01-28 21:20:14,465 | INFO | FastAPI app starting...
2026-01-28 21:20:14,490 | INFO | \U0001f680 Startup loading ontology & model
2026-01-28 21:20:17,194 | INFO | \u2705 Startup OK | LEXICAL_SIZE=59
2026-01-28 21:25:52,971 | INFO | FastAPI app starting...
2026-01-28 21:25:52,995 | INFO | \U0001f680 Startup loading ontology & model
2026-01-28 21:25:57,026 | INFO | \u2705 Startup OK | LEXICAL_SIZE=59
2026-01-28 21:27:54,601 | INFO | FastAPI app starting...
2026-01-28 21:27:54,625 | INFO | \U0001f680 Startup loading ontology & model
2026-01-28 21:27:57,214 | INFO | \u2705 Startup OK | LEXICAL_SIZE=59
2026-01-28 21:28:04,000 | INFO | FastAPI app starting...
2026-01-28 21:28:04,022 | INFO | \U0001f680 Startup loading ontology & model
2026-01-28 21:28:06,782 | INFO | \u2705 Startup OK | LEXICAL_SIZE=59
2026-01-28 21:28:16,996 | INFO | FastAPI app starting...
2026-01-28 21:28:17,024 | INFO | \U0001f680 Startup loading ontology & model
2026-01-28 21:28:19,486 | INFO | \u2705 Startup OK | LEXICAL_SIZE=59
2026-01-28 21:29:06,366 | INFO | FastAPI app starting...
2026-01-28 21:29:06,388 | INFO | \U0001f680 Startup loading ontology & model
2026-01-28 21:29:08,971 | INFO | \u2705 Startup OK | LEXICAL_SIZE=59
2026-01-28 21:32:22,393 | INFO | FastAPI app starting...
2026-01-28 21:32:22,424 | INFO | \U0001f680 Startup loading ontology & model
2026-01-28 21:32:24,955 | INFO | \u2705 Startup OK | LEXICAL_SIZE=59
2026-01-28 21:33:57,742 | INFO | FastAPI app starting...
2026-01-28 21:33:57,766 | INFO | \U0001f680 Startup loading ontology & model
2026-01-28 21:34:00,441 | INFO | \u2705 Startup OK | LEXICAL_SIZE=59
2026-01-28 21:34:46,147 | INFO | FastAPI app starting...
2026-01-28 21:34:46,176 | INFO | \U0001f680 Startup loading ontology & model
2026-01-28 21:34:49,384 | INFO | \u2705 Startup OK | LEXICAL_SIZE=59
2026-01-28 21:36:35,210 | INFO | FastAPI app starting...
2026-01-28 21:36:35,239 | INFO | \U0001f680 Startup loading ontology & model
2026-01-28 21:36:37,745 | INFO | \u2705 Startup OK | LEXICAL_SIZE=59
2026-01-28 21:37:45,695 | INFO | FastAPI app starting...
2026-01-28 21:37:45,717 | INFO | \U0001f680 Startup loading ontology & model
2026-01-28 21:37:48,218 | INFO | \u2705 Startup OK | LEXICAL_SIZE=59
2026-01-28 21:38:43,295 | INFO | FastAPI app starting...
2026-01-28 21:38:43,320 | INFO | \U0001f680 Startup loading ontology & model
2026-01-28 21:38:45,702 | INFO | \u2705 Startup OK | LEXICAL_SIZE=59
2026-01-28 21:39:17,000 | INFO | FastAPI app starting...
2026-01-28 21:39:17,031 | INFO | \U0001f680 Startup loading ontology & model
2026-01-28 21:39:19,491 | INFO | \u2705 Startup OK | LEXICAL_SIZE=59
2026-01-28 21:39:41,137 | INFO | FastAPI app starting...
2026-01-28 21:39:41,173 | INFO | \U0001f680 Startup loading ontology & model
2026-01-28 21:39:43,690 | INFO | \u2705 Startup OK | LEXICAL_SIZE=59
2026-01-28 21:50:42,393 | INFO | FastAPI app starting...
2026-01-28 21:50:42,415 | INFO | \U0001f680 Startup loading ontology & model
2026-01-28 21:50:45,011 | INFO | \u2705 Startup OK | LEXICAL_SIZE=59
2026-01-28 21:50:50,399 | INFO | FastAPI app starting...
2026-01-28 21:50:50,421 | INFO | \U0001f680 Startup loading ontology & model
2026-01-28 21:50:52,558 | INFO | \u2705 Startup OK | LEXICAL_SIZE=59
2026-01-28 21:56:18,305 | INFO | FastAPI app starting...
2026-01-28 21:56:18,339 | INFO | \U0001f680 Startup loading ontology & model
2026-01-28 21:56:20,809 | INFO | \u2705 Startup OK | LEXICAL_SIZE=59
2026-01-28 22:03:30,610 | INFO | FastAPI app starting...
2026-01-28 22:03:30,646 | INFO | \U0001f680 Startup loading ontology & model
2026-01-28 22:03:33,319 | INFO | \u2705 Startup OK | LEXICAL_SIZE=59
2026-01-28 22:04:16,032 | INFO | FastAPI app starting...
2026-01-28 22:04:16,054 | INFO | \U0001f680 Startup loading ontology & model
2026-01-28 22:04:18,531 | INFO | \u2705 Startup OK | LEXICAL_SIZE=59
2026-01-28 22:08:08,199 | INFO | FastAPI app starting...
2026-01-28 22:08:08,221 | INFO | \U0001f680 Startup loading ontology & model
2026-01-28 22:08:10,472 | INFO | \u2705 Startup OK | LEXICAL_SIZE=59
2026-01-28 22:08:23,432 | INFO | FastAPI app starting...
2026-01-28 22:08:23,457 | INFO | \U0001f680 Startup loading ontology & model
2026-01-28 22:08:25,664 | INFO | \u2705 Startup OK | LEXICAL_SIZE=59
2026-01-28 22:08:59,199 | INFO | FastAPI app starting...
2026-01-28 22:08:59,229 | INFO | \U0001f680 Startup loading ontology & model
2026-01-28 22:09:01,434 | INFO | \u2705 Startup OK | LEXICAL_SIZE=59
2026-01-28 22:09:30,698 | INFO | FastAPI app starting...
2026-01-28 22:09:30,721 | INFO | \U0001f680 Startup loading ontology & model
2026-01-28 22:09:33,319 | INFO | \u2705 Startup OK | LEXICAL_SIZE=59
2026-01-28 22:10:34,065 | INFO | FastAPI app starting...
2026-01-28 22:10:34,095 | INFO | \U0001f680 Startup loading ontology & model
2026-01-28 22:11:07,027 | INFO | \u2705 Startup OK | LEXICAL_SIZE=59
2026-01-28 22:12:19,944 | INFO | FastAPI app starting...
2026-01-28 22:12:19,972 | INFO | \U0001f680 Startup loading ontology & model
2026-01-28 22:12:22,484 | INFO | \u2705 Startup OK | LEXICAL_SIZE=59
2026-01-28 22:12:52,973 | INFO | FastAPI app starting...
2026-01-28 22:12:52,997 | INFO | \U0001f680 Startup loading ontology & model
2026-01-28 22:12:55,163 | INFO | \u2705 Startup OK | LEXICAL_SIZE=59
2026-01-28 22:13:13,590 | INFO | FastAPI app starting...
2026-01-28 22:13:13,620 | INFO | \U0001f680 Startup loading ontology & model
2026-01-28 22:13:15,996 | INFO | \u2705 Startup OK | LEXICAL_SIZE=59
2026-01-28 22:14:09,925 | INFO | FastAPI app starting...
2026-01-28 22:14:09,947 | INFO | \U0001f680 Startup loading ontology & model
2026-01-28 22:14:12,261 | INFO | \u2705 Startup OK | LEXICAL_SIZE=59
2026-01-28 22:14:26,736 | INFO | FastAPI app starting...
2026-01-28 22:14:26,773 | INFO | \U0001f680 Startup loading ontology & model
2026-01-28 22:14:29,495 | INFO | \u2705 Startup OK | LEXICAL_SIZE=59
2026-01-28 22:14:48,981 | INFO | FastAPI app starting...
2026-01-28 22:14:49,011 | INFO | \U0001f680 Startup loading ontology & model
2026-01-28 22:14:51,289 | INFO | \u2705 Startup OK | LEXICAL_SIZE=59
2026-01-28 22:15:19,444 | INFO | FastAPI app starting...
2026-01-28 22:15:19,467 | INFO | \U0001f680 Startup loading ontology & model
2026-01-28 22:15:21,760 | INFO | \u2705 Startup OK | LEXICAL_SIZE=59
2026-01-28 22:15:49,549 | INFO | FastAPI app starting...
2026-01-28 22:15:49,571 | INFO | \U0001f680 Startup loading ontology & model
2026-01-28 22:15:51,746 | INFO | \u2705 Startup OK | LEXICAL_SIZE=59
2026-01-28 22:15:58,906 | INFO | FastAPI app starting...
2026-01-28 22:15:58,929 | INFO | \U0001f680 Startup loading ontology & model
2026-01-28 22:16:01,165 | INFO | \u2705 Startup OK | LEXICAL_SIZE=59
2026-01-28 22:18:20,673 | INFO | FastAPI app starting...
2026-01-28 22:18:20,705 | INFO | \U0001f680 Startup loading ontology & model
2026-01-28 22:18:23,149 | INFO | \u2705 Startup OK | LEXICAL_SIZE=59
2026-01-28 22:22:55,794 | INFO | FastAPI app starting...
2026-01-28 22:22:55,820 | INFO | \U0001f680 Startup loading ontology & model
2026-01-28 22:22:58,288 | INFO | \u2705 Startup OK | LEXICAL_SIZE=59
2026-01-28 22:26:40,137 | INFO | FastAPI app starting...
2026-01-28 22:26:40,172 | INFO | \U0001f680 Startup loading ontology & model
2026-01-28 22:26:42,702 | INFO | \u2705 Startup OK | LEXICAL_SIZE=59
2026-01-28 22:27:02,318 | INFO | FastAPI app starting...
2026-01-28 22:27:02,342 | INFO | \U0001f680 Startup loading ontology & model
2026-01-28 22:27:04,716 | INFO | \u2705 Startup OK | LEXICAL_SIZE=59
2026-01-28 22:28:45,317 | INFO | FastAPI app starting...
2026-01-28 22:28:45,343 | INFO | \U0001f680 Startup loading ontology & model
2026-01-28 22:28:47,751 | INFO | \u2705 Startup OK | LEXICAL_SIZE=59
2026-01-28 22:29:39,249 | INFO | FastAPI app starting...
2026-01-28 22:29:39,276 | INFO | \U0001f680 Startup loading ontology & model
2026-01-28 22:29:41,734 | INFO | \u2705 Startup OK | LEXICAL_SIZE=59
2026-01-28 22:30:11,808 | INFO | FastAPI app starting...
2026-01-28 22:30:11,830 | INFO | \U0001f680 Startup loading ontology & model
2026-01-28 22:30:14,220 | INFO | \u2705 Startup OK | LEXICAL_SIZE=59
2026-01-28 22:31:21,196 | INFO | FastAPI app starting...
2026-01-28 22:31:21,222 | INFO | \U0001f680 Startup loading ontology & model
2026-01-28 22:31:23,471 | INFO | \u2705 Startup OK | LEXICAL_SIZE=59
2026-01-28 22:31:48,818 | INFO | FastAPI app starting...
2026-01-28 22:31:48,841 | INFO | \U0001f680 Startup loading ontology & model
2026-01-28 22:31:51,151 | INFO | \u2705 Startup OK | LEXICAL_SIZE=59
2026-01-28 22:32:28,300 | INFO | FastAPI app starting...
2026-01-28 22:32:28,322 | INFO | \U0001f680 Startup loading ontology & model
2026-01-28 22:32:31,524 | INFO | \u2705 Startup OK | LEXICAL_SIZE=59
2026-01-28 22:32:40,208 | INFO | FastAPI app starting...
2026-01-28 22:32:40,232 | INFO | \U0001f680 Startup loading ontology & model
2026-01-28 22:32:42,432 | INFO | \u2705 Startup OK | LEXICAL_SIZE=59
2026-01-28 22:33:15,557 | INFO | FastAPI app starting...
2026-01-28 22:33:15,579 | INFO | \U0001f680 Startup loading ontology & model
2026-01-28 22:33:17,920 | INFO | \u2705 Startup OK | LEXICAL_SIZE=59
2026-01-28 22:33:35,162 | INFO | FastAPI app starting...
2026-01-28 22:33:35,183 | INFO | \U0001f680 Startup loading ontology & model
2026-01-28 22:33:37,488 | INFO | \u2705 Startup OK | LEXICAL_SIZE=59
2026-01-28 22:33:47,705 | INFO | FastAPI app starting...
2026-01-28 22:33:47,727 | INFO | \U0001f680 Startup loading ontology & model
2026-01-28 22:33:50,455 | INFO | \u2705 Startup OK | LEXICAL_SIZE=59
2026-01-28 22:34:05,734 | INFO | FastAPI app starting...
2026-01-28 22:34:05,762 | INFO | \U0001f680 Startup loading ontology & model
2026-01-28 22:34:07,892 | INFO | \u2705 Startup OK | LEXICAL_SIZE=59
2026-01-28 22:34:22,091 | INFO | FastAPI app starting...
2026-01-28 22:34:22,114 | INFO | \U0001f680 Startup loading ontology & model
2026-01-28 22:34:24,280 | INFO | \u2705 Startup OK | LEXICAL_SIZE=59
2026-01-28 22:35:39,026 | INFO | FastAPI app starting...
2026-01-28 22:35:39,054 | INFO | \U0001f680 Startup loading ontology & model
2026-01-28 22:35:41,653 | INFO | \u2705 Startup OK | LEXICAL_SIZE=59
2026-01-28 22:37:16,874 | INFO | FastAPI app starting...
2026-01-28 22:37:16,897 | INFO | \U0001f680 Startup loading ontology & model
2026-01-28 22:37:19,314 | INFO | \u2705 Startup OK | LEXICAL_SIZE=59
2026-01-28 22:41:06,643 | INFO | FastAPI app starting...
2026-01-28 22:41:06,670 | INFO | \U0001f680 Startup loading ontology & model
2026-01-28 22:41:09,070 | INFO | \u2705 Startup OK | LEXICAL_SIZE=59
2026-01-28 22:41:48,484 | INFO | FastAPI app starting...
2026-01-28 22:41:48,512 | INFO | \U0001f680 Startup loading ontology & model
2026-01-28 22:41:50,858 | INFO | \u2705 Startup OK | LEXICAL_SIZE=59
2026-01-28 22:42:28,454 | INFO | FastAPI app starting...
2026-01-28 22:42:28,482 | INFO | \U0001f680 Startup loading ontology & model
2026-01-28 22:42:30,795 | INFO | \u2705 Startup OK | LEXICAL_SIZE=59
2026-01-28 22:44:21,179 | INFO | FastAPI app starting...
2026-01-28 22:44:21,205 | INFO | \U0001f680 Startup loading ontology & model
2026-01-28 22:44:23,740 | INFO | \u2705 Startup OK | LEXICAL_SIZE=59
2026-01-28 22:45:43,215 | INFO | FastAPI app starting...
2026-01-28 22:45:43,237 | INFO | \U0001f680 Startup loading ontology & model
2026-01-28 22:45:45,502 | INFO | \u2705 Startup OK | LEXICAL_SIZE=59
2026-01-28 22:47:16,281 | INFO | FastAPI app starting...
2026-01-28 22:47:16,312 | INFO | \U0001f680 Startup loading ontology & model
2026-01-28 22:47:18,760 | INFO | \u2705 Startup OK | LEXICAL_SIZE=59
2026-01-28 22:58:34,428 | INFO | FastAPI app starting...
2026-01-28 22:58:34,459 | INFO | \U0001f680 Startup loading ontology & model
2026-01-28 22:58:39,121 | INFO | \u2705 Startup OK | LEXICAL_SIZE=59
2026-01-28 23:01:52,373 | INFO | FastAPI app starting...
2026-01-28 23:01:52,396 | INFO | \U0001f680 Startup loading ontology & model
2026-01-28 23:01:54,949 | INFO | \u2705 Startup OK | LEXICAL_SIZE=59
2026-01-28 23:04:55,665 | INFO | FastAPI app starting...
2026-01-28 23:04:55,704 | INFO | \U0001f680 Startup loading ontology & model
2026-01-28 23:04:57,915 | INFO | \u2705 Startup OK | LEXICAL_SIZE=59
2026-01-28 23:08:04,806 | INFO | FastAPI app starting...
2026-01-28 23:08:04,834 | INFO | \U0001f680 Startup loading ontology & model
2026-01-28 23:08:07,870 | INFO | \u2705 Startup OK | LEXICAL_SIZE=59
2026-01-28 23:09:17,193 | INFO | FastAPI app starting...
2026-01-28 23:09:17,218 | INFO | \U0001f680 Startup loading ontology & model
2026-01-28 23:09:19,523 | INFO | \u2705 Startup OK | LEXICAL_SIZE=59
2026-01-28 23:59:46,407 | INFO | FastAPI app starting...
2026-01-29 00:00:18,978 | INFO | FastAPI app starting...
2026-01-29 00:01:45,022 | INFO | FastAPI app starting...
2026-01-29 00:02:16,811 | INFO | FastAPI app starting...
2026-01-29 00:02:59,749 | INFO | FastAPI app starting...
2026-01-29 00:03:05,181 | INFO | FastAPI app starting...
2026-01-29 00:04:03,596 | INFO | FastAPI app starting...
2026-01-29 00:04:17,802 | INFO | FastAPI app starting...
2026-01-29 00:04:17,978 | INFO | \U0001f680 Startup loading ontology & model
2026-01-29 00:04:20,384 | INFO | \u2705 Startup OK | LEXICAL_SIZE=59
2026-01-29 00:07:19,487 | INFO | FastAPI app starting...
2026-01-29 00:07:35,917 | INFO | FastAPI app starting...
2026-01-29 00:07:36,096 | INFO | \U0001f680 Startup loading ontology & model
2026-01-29 00:07:38,465 | INFO | \u2705 Startup OK | LEXICAL_SIZE=59
2026-01-29 00:08:59,109 | INFO | FastAPI app starting...
2026-01-29 00:08:59,372 | INFO | \U0001f680 Startup loading ontology & model
2026-01-29 00:09:11,394 | WARNING | '(ReadTimeoutError("HTTPSConnectionPool(host='huggingface.co', port=443): Read timed out. (read timeout=10)"), '(Request ID: 90375ae6-e9bf-48ea-81ae-ac232e26bfcd)')' thrown while requesting HEAD https://huggingface.co/sapadev13/sapa_ocean_id/resolve/main/pytorch_model.bin
2026-01-29 00:09:11,394 | WARNING | Retrying in 1s [Retry 1/5].
2026-01-29 00:09:13,020 | INFO | \u2705 Startup OK | LEXICAL_SIZE=59
2026-01-29 00:10:00,859 | INFO | FastAPI app starting...
2026-01-29 00:10:01,050 | INFO | \U0001f680 Startup loading ontology & model
2026-01-29 00:10:03,268 | INFO | \u2705 Startup OK | LEXICAL_SIZE=59
2026-01-29 08:05:19,119 | INFO | FastAPI app starting...
2026-01-29 08:05:19,356 | INFO | \U0001f680 Startup loading ontology & model
2026-01-29 08:05:21,815 | INFO | \u2705 Startup OK | LEXICAL_SIZE=59
2026-01-29 08:05:27,432 | INFO | FastAPI app starting...
2026-01-29 08:05:27,631 | INFO | \U0001f680 Startup loading ontology & model
2026-01-29 08:05:29,971 | INFO | \u2705 Startup OK | LEXICAL_SIZE=59
2026-01-29 08:11:29,169 | INFO | FastAPI app starting...
2026-01-29 08:11:29,357 | INFO | \U0001f680 Startup loading ontology & model
2026-01-29 08:11:31,582 | INFO | \u2705 Startup OK | LEXICAL_SIZE=59
2026-01-29 08:11:37,547 | INFO | FastAPI app starting...
2026-01-29 08:11:37,735 | INFO | \U0001f680 Startup loading ontology & model
2026-01-29 08:11:40,032 | INFO | \u2705 Startup OK | LEXICAL_SIZE=59
2026-01-29 08:14:30,566 | INFO | FastAPI app starting...
2026-01-29 08:14:30,748 | INFO | \U0001f680 Startup loading ontology & model
2026-01-29 08:14:32,955 | INFO | \u2705 Startup OK | LEXICAL_SIZE=59
2026-01-29 08:14:50,115 | INFO | FastAPI app starting...
2026-01-29 08:14:50,300 | INFO | \U0001f680 Startup loading ontology & model
2026-01-29 08:14:52,513 | INFO | \u2705 Startup OK | LEXICAL_SIZE=59
2026-01-29 08:15:13,813 | INFO | FastAPI app starting...
2026-01-29 08:15:13,998 | INFO | \U0001f680 Startup loading ontology & model
2026-01-29 08:15:16,374 | INFO | \u2705 Startup OK | LEXICAL_SIZE=59
2026-02-03 08:35:12,433 | INFO | FastAPI app starting...
2026-02-03 08:35:13,322 | INFO | \U0001f680 Startup loading ontology & model
2026-02-03 08:35:20,693 | INFO | \u2705 Startup OK | LEXICAL_SIZE=59
2026-02-03 08:42:59,873 | INFO | FastAPI app starting...
2026-02-03 08:43:00,106 | INFO | \U0001f680 Startup loading ontology & model
2026-02-03 08:43:02,450 | INFO | \u2705 Startup OK | LEXICAL_SIZE=59
2026-02-03 08:45:30,121 | INFO | FastAPI app starting...
2026-02-03 08:45:30,310 | INFO | \U0001f680 Startup loading ontology & model
2026-02-03 08:45:32,489 | INFO | \u2705 Startup OK | LEXICAL_SIZE=59
2026-02-03 08:46:27,504 | INFO | FastAPI app starting...
2026-02-03 08:46:27,705 | INFO | \U0001f680 Startup loading ontology & model
2026-02-03 08:46:29,820 | INFO | \u2705 Startup OK | LEXICAL_SIZE=59
2026-02-03 08:46:38,354 | INFO | FastAPI app starting...
2026-02-03 08:46:38,532 | INFO | \U0001f680 Startup loading ontology & model
2026-02-03 08:46:40,662 | INFO | \u2705 Startup OK | LEXICAL_SIZE=59
2026-02-03 08:53:13,220 | INFO | FastAPI app starting...
2026-02-03 08:53:13,398 | INFO | \U0001f680 Startup loading ontology & model
2026-02-03 08:53:15,640 | INFO | \u2705 Startup OK | LEXICAL_SIZE=59
2026-02-06 10:09:09,119 | INFO | FastAPI app starting...
2026-02-06 10:09:10,006 | INFO | \U0001f680 Startup loading ontology & model
2026-02-06 10:09:18,146 | INFO | \u2705 Startup OK | LEXICAL_SIZE=59
2026-02-06 10:15:00,049 | INFO | FastAPI app starting...
2026-02-06 10:15:00,267 | INFO | \U0001f680 Startup loading ontology & model
2026-02-06 10:15:02,602 | INFO | \u2705 Startup OK | LEXICAL_SIZE=59
2026-02-06 10:17:07,014 | INFO | FastAPI app starting...
2026-02-06 10:17:07,205 | INFO | \U0001f680 Startup loading ontology & model
2026-02-06 10:17:09,511 | INFO | \u2705 Startup OK | LEXICAL_SIZE=59
2026-02-06 13:11:57,830 | INFO | FastAPI app starting...
2026-02-06 13:11:58,072 | INFO | \U0001f680 Startup loading ontology & model
2026-02-06 13:12:01,144 | INFO | \u2705 Startup OK | LEXICAL_SIZE=59
2026-02-06 13:12:41,463 | INFO | FastAPI app starting...
2026-02-06 13:12:41,692 | INFO | \U0001f680 Startup loading ontology & model
2026-02-06 13:12:43,875 | INFO | \u2705 Startup OK | LEXICAL_SIZE=59
2026-02-06 13:12:54,093 | INFO | FastAPI app starting...
2026-02-06 13:12:54,437 | INFO | \U0001f680 Startup loading ontology & model
2026-02-06 13:12:57,632 | INFO | \u2705 Startup OK | LEXICAL_SIZE=59
2026-02-06 13:16:11,653 | INFO | FastAPI app starting...
2026-02-06 13:16:11,953 | INFO | \U0001f680 Startup loading ontology & model
2026-02-06 13:16:14,334 | INFO | \u2705 Startup OK | LEXICAL_SIZE=59
2026-02-06 13:19:46,825 | INFO | FastAPI app starting...
2026-02-06 13:19:47,133 | INFO | \U0001f680 Startup loading ontology & model
2026-02-06 13:19:49,573 | INFO | \u2705 Startup OK | LEXICAL_SIZE=59
2026-02-06 13:22:16,969 | INFO | FastAPI app starting...
2026-02-06 13:22:17,263 | INFO | \U0001f680 Startup loading ontology & model
2026-02-06 13:22:19,618 | INFO | \u2705 Startup OK | LEXICAL_SIZE=59
2026-02-06 13:22:40,107 | INFO | FastAPI app starting...
2026-02-06 13:22:40,345 | INFO | \U0001f680 Startup loading ontology & model
2026-02-06 13:22:42,508 | INFO | \u2705 Startup OK | LEXICAL_SIZE=59
2026-02-06 13:25:11,750 | INFO | FastAPI app starting...
2026-02-06 13:25:11,982 | INFO | \U0001f680 Startup loading ontology & model
2026-02-06 13:25:14,222 | INFO | \u2705 Startup OK | LEXICAL_SIZE=59
2026-02-06 13:25:20,070 | INFO | FastAPI app starting...
2026-02-06 13:25:20,325 | INFO | \U0001f680 Startup loading ontology & model
2026-02-06 13:25:22,437 | INFO | \u2705 Startup OK | LEXICAL_SIZE=59
2026-02-06 13:31:30,590 | INFO | FastAPI app starting...
2026-02-06 13:31:30,832 | INFO | \U0001f680 Startup loading ontology & model
2026-02-06 13:31:33,101 | INFO | \u2705 Startup OK | LEXICAL_SIZE=59
2026-02-06 13:31:41,518 | INFO | FastAPI app starting...
2026-02-06 13:31:41,768 | INFO | \U0001f680 Startup loading ontology & model
2026-02-06 13:31:43,988 | INFO | \u2705 Startup OK | LEXICAL_SIZE=59
2026-02-06 13:33:05,559 | INFO | FastAPI app starting...
2026-02-06 13:33:05,783 | INFO | \U0001f680 Startup loading ontology & model
2026-02-06 13:33:08,036 | INFO | \u2705 Startup OK | LEXICAL_SIZE=59
2026-02-06 13:34:03,117 | INFO | FastAPI app starting...
2026-02-06 13:34:03,360 | INFO | \U0001f680 Startup loading ontology & model
2026-02-06 13:34:05,495 | INFO | \u2705 Startup OK | LEXICAL_SIZE=59
2026-02-06 13:39:51,227 | INFO | FastAPI app starting...
2026-02-06 13:39:51,492 | INFO | \U0001f680 Startup loading ontology & model
2026-02-06 13:39:53,949 | INFO | \u2705 Startup OK | LEXICAL_SIZE=59
2026-02-06 13:45:03,623 | INFO | FastAPI app starting...
2026-02-06 13:45:03,877 | INFO | \U0001f680 Startup loading ontology & model
2026-02-06 13:45:06,414 | INFO | \u2705 Startup OK | LEXICAL_SIZE=59
2026-02-06 13:50:02,439 | INFO | FastAPI app starting...
2026-02-06 13:50:02,784 | INFO | \U0001f680 Startup loading ontology & model
2026-02-06 13:50:05,286 | INFO | \u2705 Startup OK | LEXICAL_SIZE=59
2026-02-06 13:51:38,412 | INFO | FastAPI app starting...
2026-02-06 13:51:38,649 | INFO | \U0001f680 Startup loading ontology & model
2026-02-06 13:51:40,852 | INFO | \u2705 Startup OK | LEXICAL_SIZE=59
2026-02-06 13:53:16,066 | INFO | FastAPI app starting...
2026-02-06 13:53:16,365 | INFO | \U0001f680 Startup loading ontology & model
2026-02-06 13:53:18,786 | INFO | \u2705 Startup OK | LEXICAL_SIZE=59
2026-02-06 13:54:15,828 | INFO | FastAPI app starting...
2026-02-06 13:54:16,113 | INFO | \U0001f680 Startup loading ontology & model
2026-02-06 13:54:18,449 | INFO | \u2705 Startup OK | LEXICAL_SIZE=59
2026-02-06 13:54:54,796 | INFO | FastAPI app starting...
2026-02-06 13:54:55,092 | INFO | \U0001f680 Startup loading ontology & model
2026-02-06 13:54:57,506 | INFO | \u2705 Startup OK | LEXICAL_SIZE=59
2026-02-06 13:57:00,701 | INFO | FastAPI app starting...
2026-02-06 13:57:00,934 | INFO | \U0001f680 Startup loading ontology & model
2026-02-06 13:57:03,287 | INFO | \u2705 Startup OK | LEXICAL_SIZE=59
2026-02-06 14:43:06,209 | INFO | FastAPI app starting...
2026-02-06 14:43:06,476 | INFO | \U0001f680 Startup loading ontology & model
2026-02-06 14:43:08,844 | INFO | \u2705 Startup OK | LEXICAL_SIZE=59
2026-02-06 14:44:19,961 | INFO | FastAPI app starting...
2026-02-06 14:44:20,204 | INFO | \U0001f680 Startup loading ontology & model
2026-02-06 14:44:22,486 | INFO | \u2705 Startup OK | LEXICAL_SIZE=59
2026-02-06 14:45:13,072 | INFO | FastAPI app starting...
2026-02-06 14:45:13,379 | INFO | \U0001f680 Startup loading ontology & model
2026-02-06 14:45:15,856 | INFO | \u2705 Startup OK | LEXICAL_SIZE=59
2026-02-06 14:48:14,380 | INFO | FastAPI app starting...
2026-02-06 14:48:14,777 | INFO | \U0001f680 Startup loading ontology & model
2026-02-06 14:48:17,385 | INFO | \u2705 Startup OK | LEXICAL_SIZE=59
2026-02-06 15:29:12,254 | INFO | FastAPI app starting...
2026-02-06 15:29:12,494 | INFO | \U0001f680 Startup loading ontology & model
2026-02-06 15:29:14,770 | INFO | \u2705 Startup OK | LEXICAL_SIZE=59
2026-02-06 15:29:21,145 | INFO | FastAPI app starting...
2026-02-06 15:29:21,446 | INFO | \U0001f680 Startup loading ontology & model
2026-02-06 15:29:23,772 | INFO | \u2705 Startup OK | LEXICAL_SIZE=59
